<?xml version="1.0" encoding="UTF-8"?>
<!-- Generated by org.testng.reporters.JUnitReportReporter -->
<testsuite hostname="DESKTOP-O0830P1" failures="0" tests="1" name="runner.mainRunner" time="21.664" errors="0" timestamp="2023-08-31T11:09:04 IST" skipped="0">
  <testcase classname="runner.mainRunner" name="runScenario" time="21.664"/>
  <system-out/>
</testsuite> <!-- runner.mainRunner -->
